[debug] > Exec(early(addDefaultCommands), None, None)
[debug] > Exec(addDefaultCommands, None, None)
[debug] > Exec(early(initialize), None, None)
[debug] > Exec(initialize, None, None)
[debug] > Exec(early(addPluginSbtFile="""C:\Users\s.tiwari\AppData\Local\Temp\idea11.sbt"""), None, None)
[debug] > Exec(addPluginSbtFile="""C:\Users\s.tiwari\AppData\Local\Temp\idea11.sbt""", None, None)
[debug] > Exec(boot, None, None)
[debug] > Exec(writeSbtVersion, None, None)
[debug] > Exec(reload, None, None)
[debug] > Exec(sbtStashOnFailure, None, None)
[debug] > Exec(onFailure loadFailed, None, None)
[debug] > Exec(loadp, None, None)
[info] welcome to sbt 1.8.2 (Oracle Corporation Java 1.8.0_202)
[debug]       Load.loadUnit: plugins took 180.5158ms
[debug]       Load.loadUnit: defsScala took 0.3024ms
[debug] [Loading] Scanning directory C:\Users\s.tiwari\.sbt\1.0\plugins
[debug] [Loading] Found non-root projects 
[debug] [Loading] Done in C:\Users\s.tiwari\.sbt\1.0\plugins, returning: ()
[debug] deducing auto plugins based on known facts Set(Atom(sbt.plugins.CorePlugin)) and clauses Clauses(Clause(Atom(sbt.plugins.JvmPlugin),Set(Atom(sbt.plugins.IvyPlugin)))
[debug] Clause(Atom(sbt.ScriptedPlugin),Set(Atom(sbt.plugins.JvmPlugin)))
[debug] Clause(Atom(sbt.plugins.SbtPlugin),Set(Atom(sbt.ScriptedPlugin)))
[debug] Clause(Atom(sbt.plugins.SemanticdbPlugin),Set(Atom(sbt.plugins.JvmPlugin)))
[debug] Clause(Atom(sbt.plugins.JUnitXmlReportPlugin),Set(Atom(sbt.plugins.JvmPlugin)))
[debug] Clause(Atom(sbt.plugins.MiniDependencyTreePlugin),Set(Atom(sbt.plugins.JvmPlugin)))
[debug] Clause(Atom(sbt.plugins.CorePlugin),Set(Atom(sbt.plugins.IvyPlugin)))
[debug] Clause(Atom(sbt.plugins.IvyPlugin),Set(Atom(sbt.plugins.JvmPlugin)))
[debug] Clause(Atom(sbt.plugins.JvmPlugin),Set(Atom(sbt.plugins.SemanticdbPlugin)))
[debug] Clause(Atom(sbt.plugins.JvmPlugin),Set(Atom(sbt.plugins.JUnitXmlReportPlugin)))
[debug] Clause(Atom(sbt.plugins.CorePlugin),Set(Atom(sbt.plugins.Giter8TemplatePlugin)))
[debug] Clause(Atom(sbt.plugins.JvmPlugin),Set(Atom(sbt.plugins.MiniDependencyTreePlugin))))
[debug]   :: deduced result: Matched(sbt.plugins.CorePlugin,sbt.plugins.Giter8TemplatePlugin,sbt.plugins.IvyPlugin,sbt.plugins.JvmPlugin,sbt.plugins.MiniDependencyTreePlugin,sbt.plugins.JUnitXmlReportPlugin,sbt.plugins.SemanticdbPlugin)
[debug] Plugins.deducer#function took 17.8029 ms
[debug]           Load.resolveProject(global-plugins) took 43.0457ms
[debug]         Load.loadTransitive: finalizeProject(Project(id global-plugins, base: C:\Users\s.tiwari\.sbt\1.0\plugins, plugins: List(<none>))) took 85.6043ms
[debug] [Loading] Done in C:\Users\s.tiwari\.sbt\1.0\plugins, returning: (global-plugins)
[debug]       Load.loadUnit: loadedProjectsRaw took 110.3478ms
[debug]       Load.loadUnit: cleanEvalClasses took 0.2358ms
[debug]     Load.loadUnit(file:/C:/Users/s.tiwari/.sbt/1.0/plugins/, ...) took 299.527ms
[debug]   Load.apply: load took 465.0118ms
[debug]   Load.apply: resolveProjects took 6.6906ms
[debug]   Load.apply: finalTransforms took 52.3464ms
[debug]   Load.apply: config.delegates took 9.9016ms
[debug]   Load.apply: Def.make(settings)... took 387.9557ms
[debug]   Load.apply: structureIndex took 98.548ms
[debug]   Load.apply: mkStreams took 2.0717ms
[info] loading global plugins from C:\Users\s.tiwari\.sbt\1.0\plugins
[debug] Running task... Cancel: Signal, check cycles: false, forcegc: true
[debug] Load.defaultLoad until apply took 4526.5732ms
[debug]           Load.loadUnit: plugins took 39.4918ms
[debug]           Load.loadUnit: defsScala took 0.0065ms
[debug] [Loading] Scanning directory C:\Users\s.tiwari\IdeaProjects\KafkaStormIntegration\project
[debug]             Load.loadUnit: mkEval took 8.9704ms
[debug] [Loading] Found non-root projects 
[debug] [Loading] Done in C:\Users\s.tiwari\IdeaProjects\KafkaStormIntegration\project, returning: ()
[debug] deducing auto plugins based on known facts Set(Atom(sbt.plugins.CorePlugin)) and clauses Clauses(Clause(Atom(sbt.plugins.JvmPlugin),Set(Atom(sbt.plugins.IvyPlugin)))
[debug] Clause(Atom(sbt.ScriptedPlugin),Set(Atom(sbt.plugins.JvmPlugin)))
[debug] Clause(Atom(sbt.plugins.SbtPlugin),Set(Atom(sbt.ScriptedPlugin)))
[debug] Clause(Atom(sbt.plugins.SemanticdbPlugin),Set(Atom(sbt.plugins.JvmPlugin)))
[debug] Clause(Atom(sbt.plugins.JUnitXmlReportPlugin),Set(Atom(sbt.plugins.JvmPlugin)))
[debug] Clause(Atom(sbt.plugins.MiniDependencyTreePlugin),Set(Atom(sbt.plugins.JvmPlugin)))
[debug] Clause(Atom(sbt.plugins.CorePlugin),Set(Atom(sbt.plugins.IvyPlugin)))
[debug] Clause(Atom(sbt.plugins.IvyPlugin),Set(Atom(sbt.plugins.JvmPlugin)))
[debug] Clause(Atom(sbt.plugins.JvmPlugin),Set(Atom(sbt.plugins.SemanticdbPlugin)))
[debug] Clause(Atom(sbt.plugins.JvmPlugin),Set(Atom(sbt.plugins.JUnitXmlReportPlugin)))
[debug] Clause(Atom(sbt.plugins.CorePlugin),Set(Atom(sbt.plugins.Giter8TemplatePlugin)))
[debug] Clause(Atom(sbt.plugins.JvmPlugin),Set(Atom(sbt.plugins.MiniDependencyTreePlugin))))
[debug]   :: deduced result: Matched(sbt.plugins.CorePlugin,sbt.plugins.Giter8TemplatePlugin,sbt.plugins.IvyPlugin,sbt.plugins.JvmPlugin,sbt.plugins.MiniDependencyTreePlugin,sbt.plugins.JUnitXmlReportPlugin,sbt.plugins.SemanticdbPlugin)
[debug] Plugins.deducer#function took 3.2095 ms
[info] loading settings for project kafkastormintegration-build from plugins.sbt,idea11.sbt ...
[debug]               Load.resolveProject(kafkastormintegration-build) took 4.1474ms
[debug]             Load.loadTransitive: finalizeProject(Project(id kafkastormintegration-build, base: C:\Users\s.tiwari\IdeaProjects\KafkaStormIntegration\project, plugins: List(<none>))) took 8.3164ms
[debug] [Loading] Done in C:\Users\s.tiwari\IdeaProjects\KafkaStormIntegration\project, returning: (kafkastormintegration-build)
[debug]           Load.loadUnit: loadedProjectsRaw took 277.8257ms
[debug]           Load.loadUnit: cleanEvalClasses took 7.5088ms
[debug]         Load.loadUnit(file:/C:/Users/s.tiwari/IdeaProjects/KafkaStormIntegration/project/, ...) took 326.523ms
[debug]       Load.apply: load took 328.5714ms
[debug]       Load.apply: resolveProjects took 0.194ms
[debug]       Load.apply: finalTransforms took 7.4324ms
[debug]       Load.apply: config.delegates took 0.757ms
[debug]       Load.apply: Def.make(settings)... took 94.3597ms
[debug]       Load.apply: structureIndex took 26.727ms
[debug]       Load.apply: mkStreams took 0.0038ms
[info] loading project definition from C:\Users\s.tiwari\IdeaProjects\KafkaStormIntegration\project
[debug] Running task... Cancel: Signal, check cycles: false, forcegc: true
[warn] Unrecognized repository Scala Plugin Bundled Repository, ignoring it
[warn] Unrecognized repository Scala Plugin Bundled Repository, ignoring it
[debug]     Load.loadUnit: plugins took 1280.81ms
[debug]     Load.loadUnit: defsScala took 0.0023ms
[debug] [Loading] Scanning directory C:\Users\s.tiwari\IdeaProjects\KafkaStormIntegration
[debug]       Load.loadUnit: mkEval took 0.3343ms
[debug] [Loading] Found root project root w/ remaining 
[debug] deducing auto plugins based on known facts Set(Atom(sbt.plugins.CorePlugin)) and clauses Clauses(Clause(Atom(sbt.plugins.JvmPlugin),Set(Atom(sbt.plugins.IvyPlugin)))
[debug] Clause(Atom(sbt.ScriptedPlugin),Set(Atom(sbt.plugins.JvmPlugin)))
[debug] Clause(Atom(sbt.plugins.SbtPlugin),Set(Atom(sbt.ScriptedPlugin)))
[debug] Clause(Atom(sbt.plugins.SemanticdbPlugin),Set(Atom(sbt.plugins.JvmPlugin)))
[debug] Clause(Atom(sbt.plugins.JUnitXmlReportPlugin),Set(Atom(sbt.plugins.JvmPlugin)))
[debug] Clause(Atom(sbt.plugins.MiniDependencyTreePlugin),Set(Atom(sbt.plugins.JvmPlugin)))
[debug] Clause(Atom(sbtassembly.AssemblyPlugin),Set(Atom(sbt.plugins.JvmPlugin)))
[debug] Clause(Atom(org.jetbrains.sbt.StructurePlugin),Set(Atom(sbt.plugins.JvmPlugin)))
[debug] Clause(Atom(org.jetbrains.sbt.IdeaShellPlugin),Set(Atom(sbt.plugins.JvmPlugin)))
[debug] Clause(Atom(org.jetbrains.sbt.indices.SbtIntellijIndicesPlugin),Set(Atom(sbt.plugins.JvmPlugin)))
[debug] Clause(Atom(sbt.plugins.CorePlugin),Set(Atom(sbt.plugins.IvyPlugin)))
[debug] Clause(Atom(sbt.plugins.IvyPlugin),Set(Atom(sbt.plugins.JvmPlugin)))
[debug] Clause(Atom(sbt.plugins.JvmPlugin),Set(Atom(sbt.plugins.SemanticdbPlugin)))
[debug] Clause(Atom(sbt.plugins.JvmPlugin),Set(Atom(sbt.plugins.JUnitXmlReportPlugin)))
[debug] Clause(Atom(sbt.plugins.CorePlugin),Set(Atom(sbt.plugins.Giter8TemplatePlugin)))
[debug] Clause(Atom(sbt.plugins.JvmPlugin),Set(Atom(sbt.plugins.MiniDependencyTreePlugin)))
[debug] Clause(Atom(sbt.plugins.JvmPlugin),Set(Atom(sbtassembly.AssemblyPlugin)))
[debug] Clause(Atom(sbt.plugins.JvmPlugin),Set(Atom(org.jetbrains.sbt.StructurePlugin)))
[debug] Clause(Atom(sbt.plugins.JvmPlugin),Set(Atom(org.jetbrains.sbt.IdeaShellPlugin)))
[debug] Clause(And(Set(Atom(sbt.plugins.CorePlugin), Atom(sbt.plugins.JvmPlugin))),Set(Atom(org.jetbrains.sbt.indices.SbtIntellijIndicesPlugin))))
[debug]   :: deduced result: Matched(sbt.plugins.CorePlugin,sbt.plugins.Giter8TemplatePlugin,sbt.plugins.IvyPlugin,sbt.plugins.JvmPlugin,sbt.plugins.SemanticdbPlugin,org.jetbrains.sbt.indices.SbtIntellijIndicesPlugin,sbt.plugins.JUnitXmlReportPlugin,sbtassembly.AssemblyPlugin,org.jetbrains.sbt.IdeaShellPlugin,org.jetbrains.sbt.StructurePlugin,sbt.plugins.MiniDependencyTreePlugin)
[debug] Plugins.deducer#function took 3.3739 ms
[info] loading settings for project root from build.sbt ...
[debug]         Load.resolveProject(root) took 40.9744ms
[debug]       Load.loadTransitive: finalizeProject(Project(id root, base: C:\Users\s.tiwari\IdeaProjects\KafkaStormIntegration, plugins: List(<none>))) took 46.7824ms
[debug] [Loading] Done in C:\Users\s.tiwari\IdeaProjects\KafkaStormIntegration, returning: (root)
[debug]     Load.loadUnit: loadedProjectsRaw took 2105.2016ms
[debug]     Load.loadUnit: cleanEvalClasses took 10.784ms
[debug]   Load.loadUnit(file:/C:/Users/s.tiwari/IdeaProjects/KafkaStormIntegration/, ...) took 3398.4096ms
[debug] Load.apply: load took 3401.5458ms
[debug] Load.apply: resolveProjects took 0.1516ms
[debug] Load.apply: finalTransforms took 28.2828ms
[debug] Load.apply: config.delegates took 0.2976ms
[debug] Load.apply: Def.make(settings)... took 111.9164ms
[debug] Load.apply: structureIndex took 21.1866ms
[debug] Load.apply: mkStreams took 0.0043ms
[info] set current project to KafkaStormIntegration (in build file:/C:/Users/s.tiwari/IdeaProjects/KafkaStormIntegration/)
[debug] > Exec(sbtPopOnFailure, None, None)
[debug] > Exec(resumeFromFailure, None, None)
[debug] > Exec(notifyUsersAboutShell, None, None)
[debug] > Exec(iflast shell, None, None)
[debug] > Exec(; set ideaPort in Global := 64284 ; idea-shell, None, None)
[debug] > Exec(set ideaPort in Global := 64284, None, None)
[info] Defining Global / ideaPort
[info] The new value will be used by Compile / compile, Test / compile
[debug] Defining 
[debug] 	Global / ideaPort
[debug] 
[debug] The new value will be used by 
[debug] 	Compile / compile
[debug] 	Test / compile
[info] Reapplying settings...
[info] set current project to KafkaStormIntegration (in build file:/C:/Users/s.tiwari/IdeaProjects/KafkaStormIntegration/)
[debug] > Exec(idea-shell, None, None)
