[debug] > Exec(early(addDefaultCommands), None, None)
[debug] > Exec(addDefaultCommands, None, None)
[debug] > Exec(early(initialize), None, None)
[debug] > Exec(initialize, None, None)
[debug] > Exec(early(addPluginSbtFile="""C:\Users\s.tiwari\AppData\Local\Temp\idea11.sbt"""), None, None)
[debug] > Exec(addPluginSbtFile="""C:\Users\s.tiwari\AppData\Local\Temp\idea11.sbt""", None, None)
[debug] > Exec(boot, None, None)
[debug] > Exec(writeSbtVersion, None, None)
[debug] > Exec(reload, None, None)
[debug] > Exec(sbtStashOnFailure, None, None)
[debug] > Exec(onFailure loadFailed, None, None)
[debug] > Exec(loadp, None, None)
[info] welcome to sbt 1.8.2 (Oracle Corporation Java 1.8.0_202)
[debug]       Load.loadUnit: plugins took 522.1128ms
[debug]       Load.loadUnit: defsScala took 0.4916ms
[debug] [Loading] Scanning directory C:\Users\s.tiwari\.sbt\1.0\plugins
[debug] [Loading] Found non-root projects 
[debug] [Loading] Done in C:\Users\s.tiwari\.sbt\1.0\plugins, returning: ()
[debug] deducing auto plugins based on known facts Set(Atom(sbt.plugins.CorePlugin)) and clauses Clauses(Clause(Atom(sbt.plugins.JvmPlugin),Set(Atom(sbt.plugins.IvyPlugin)))
[debug] Clause(Atom(sbt.ScriptedPlugin),Set(Atom(sbt.plugins.JvmPlugin)))
[debug] Clause(Atom(sbt.plugins.SbtPlugin),Set(Atom(sbt.ScriptedPlugin)))
[debug] Clause(Atom(sbt.plugins.SemanticdbPlugin),Set(Atom(sbt.plugins.JvmPlugin)))
[debug] Clause(Atom(sbt.plugins.JUnitXmlReportPlugin),Set(Atom(sbt.plugins.JvmPlugin)))
[debug] Clause(Atom(sbt.plugins.MiniDependencyTreePlugin),Set(Atom(sbt.plugins.JvmPlugin)))
[debug] Clause(Atom(sbt.plugins.CorePlugin),Set(Atom(sbt.plugins.IvyPlugin)))
[debug] Clause(Atom(sbt.plugins.IvyPlugin),Set(Atom(sbt.plugins.JvmPlugin)))
[debug] Clause(Atom(sbt.plugins.JvmPlugin),Set(Atom(sbt.plugins.SemanticdbPlugin)))
[debug] Clause(Atom(sbt.plugins.JvmPlugin),Set(Atom(sbt.plugins.JUnitXmlReportPlugin)))
[debug] Clause(Atom(sbt.plugins.CorePlugin),Set(Atom(sbt.plugins.Giter8TemplatePlugin)))
[debug] Clause(Atom(sbt.plugins.JvmPlugin),Set(Atom(sbt.plugins.MiniDependencyTreePlugin))))
[debug]   :: deduced result: Matched(sbt.plugins.CorePlugin,sbt.plugins.Giter8TemplatePlugin,sbt.plugins.IvyPlugin,sbt.plugins.JvmPlugin,sbt.plugins.MiniDependencyTreePlugin,sbt.plugins.JUnitXmlReportPlugin,sbt.plugins.SemanticdbPlugin)
[debug] Plugins.deducer#function took 28.0513 ms
[debug]           Load.resolveProject(global-plugins) took 49.4212ms
[debug]         Load.loadTransitive: finalizeProject(Project(id global-plugins, base: C:\Users\s.tiwari\.sbt\1.0\plugins, plugins: List(<none>))) took 133.5758ms
[debug] [Loading] Done in C:\Users\s.tiwari\.sbt\1.0\plugins, returning: (global-plugins)
[debug]       Load.loadUnit: loadedProjectsRaw took 260.4226ms
[debug]       Load.loadUnit: cleanEvalClasses took 0.278ms
[debug]     Load.loadUnit(file:/C:/Users/s.tiwari/.sbt/1.0/plugins/, ...) took 801.5752ms
[debug]   Load.apply: load took 946.6764ms
[debug]   Load.apply: resolveProjects took 6.6243ms
[debug]   Load.apply: finalTransforms took 73.6238ms
[debug]   Load.apply: config.delegates took 9.5173ms
[debug]   Load.apply: Def.make(settings)... took 718.5073ms
[debug]   Load.apply: structureIndex took 140.075ms
[debug]   Load.apply: mkStreams took 42.5337ms
[info] loading global plugins from C:\Users\s.tiwari\.sbt\1.0\plugins
[debug] Running task... Cancel: Signal, check cycles: false, forcegc: true
[debug] Load.defaultLoad until apply took 4026.5667ms
[debug]           Load.loadUnit: plugins took 54.6792ms
[debug]           Load.loadUnit: defsScala took 0.0041ms
[debug] [Loading] Scanning directory C:\Users\s.tiwari\IdeaProjects\KafkaStormIntegration\project
[debug]             Load.loadUnit: mkEval took 9.1912ms
[debug] [Loading] Found non-root projects 
[debug] [Loading] Done in C:\Users\s.tiwari\IdeaProjects\KafkaStormIntegration\project, returning: ()
[debug] deducing auto plugins based on known facts Set(Atom(sbt.plugins.CorePlugin)) and clauses Clauses(Clause(Atom(sbt.plugins.JvmPlugin),Set(Atom(sbt.plugins.IvyPlugin)))
[debug] Clause(Atom(sbt.ScriptedPlugin),Set(Atom(sbt.plugins.JvmPlugin)))
[debug] Clause(Atom(sbt.plugins.SbtPlugin),Set(Atom(sbt.ScriptedPlugin)))
[debug] Clause(Atom(sbt.plugins.SemanticdbPlugin),Set(Atom(sbt.plugins.JvmPlugin)))
[debug] Clause(Atom(sbt.plugins.JUnitXmlReportPlugin),Set(Atom(sbt.plugins.JvmPlugin)))
[debug] Clause(Atom(sbt.plugins.MiniDependencyTreePlugin),Set(Atom(sbt.plugins.JvmPlugin)))
[debug] Clause(Atom(sbt.plugins.CorePlugin),Set(Atom(sbt.plugins.IvyPlugin)))
[debug] Clause(Atom(sbt.plugins.IvyPlugin),Set(Atom(sbt.plugins.JvmPlugin)))
[debug] Clause(Atom(sbt.plugins.JvmPlugin),Set(Atom(sbt.plugins.SemanticdbPlugin)))
[debug] Clause(Atom(sbt.plugins.JvmPlugin),Set(Atom(sbt.plugins.JUnitXmlReportPlugin)))
[debug] Clause(Atom(sbt.plugins.CorePlugin),Set(Atom(sbt.plugins.Giter8TemplatePlugin)))
[debug] Clause(Atom(sbt.plugins.JvmPlugin),Set(Atom(sbt.plugins.MiniDependencyTreePlugin))))
[debug]   :: deduced result: Matched(sbt.plugins.CorePlugin,sbt.plugins.Giter8TemplatePlugin,sbt.plugins.IvyPlugin,sbt.plugins.JvmPlugin,sbt.plugins.MiniDependencyTreePlugin,sbt.plugins.JUnitXmlReportPlugin,sbt.plugins.SemanticdbPlugin)
[debug] Plugins.deducer#function took 4.5004 ms
[info] loading settings for project kafkastormintegration-build from plugins.sbt,idea11.sbt ...
[debug]               Load.resolveProject(kafkastormintegration-build) took 20.1112ms
[debug]             Load.loadTransitive: finalizeProject(Project(id kafkastormintegration-build, base: C:\Users\s.tiwari\IdeaProjects\KafkaStormIntegration\project, plugins: List(<none>))) took 25.9222ms
[debug] [Loading] Done in C:\Users\s.tiwari\IdeaProjects\KafkaStormIntegration\project, returning: (kafkastormintegration-build)
[debug]           Load.loadUnit: loadedProjectsRaw took 265.9003ms
[debug]           Load.loadUnit: cleanEvalClasses took 9.191ms
[debug]         Load.loadUnit(file:/C:/Users/s.tiwari/IdeaProjects/KafkaStormIntegration/project/, ...) took 331.765ms
[debug]       Load.apply: load took 334.5956ms
[debug]       Load.apply: resolveProjects took 0.1928ms
[debug]       Load.apply: finalTransforms took 12.2079ms
[debug]       Load.apply: config.delegates took 0.7391ms
[debug]       Load.apply: Def.make(settings)... took 117.4798ms
[debug]       Load.apply: structureIndex took 42.8612ms
[debug]       Load.apply: mkStreams took 0.0048ms
[info] loading project definition from C:\Users\s.tiwari\IdeaProjects\KafkaStormIntegration\project
[debug] Running task... Cancel: Signal, check cycles: false, forcegc: true
[debug]     Load.loadUnit: plugins took 1066.8572ms
[debug]     Load.loadUnit: defsScala took 0.006ms
[debug] [Loading] Scanning directory C:\Users\s.tiwari\IdeaProjects\KafkaStormIntegration
[debug]       Load.loadUnit: mkEval took 0.4314ms
[debug] [Loading] Found root project root w/ remaining 
[debug] deducing auto plugins based on known facts Set(Atom(sbt.plugins.CorePlugin)) and clauses Clauses(Clause(Atom(sbt.plugins.JvmPlugin),Set(Atom(sbt.plugins.IvyPlugin)))
[debug] Clause(Atom(sbt.ScriptedPlugin),Set(Atom(sbt.plugins.JvmPlugin)))
[debug] Clause(Atom(sbt.plugins.SbtPlugin),Set(Atom(sbt.ScriptedPlugin)))
[debug] Clause(Atom(sbt.plugins.SemanticdbPlugin),Set(Atom(sbt.plugins.JvmPlugin)))
[debug] Clause(Atom(sbt.plugins.JUnitXmlReportPlugin),Set(Atom(sbt.plugins.JvmPlugin)))
[debug] Clause(Atom(sbt.plugins.MiniDependencyTreePlugin),Set(Atom(sbt.plugins.JvmPlugin)))
[debug] Clause(Atom(sbtassembly.AssemblyPlugin),Set(Atom(sbt.plugins.JvmPlugin)))
[debug] Clause(Atom(org.jetbrains.sbt.StructurePlugin),Set(Atom(sbt.plugins.JvmPlugin)))
[debug] Clause(Atom(org.jetbrains.sbt.IdeaShellPlugin),Set(Atom(sbt.plugins.JvmPlugin)))
[debug] Clause(Atom(org.jetbrains.sbt.indices.SbtIntellijIndicesPlugin),Set(Atom(sbt.plugins.JvmPlugin)))
[debug] Clause(Atom(sbt.plugins.CorePlugin),Set(Atom(sbt.plugins.IvyPlugin)))
[debug] Clause(Atom(sbt.plugins.IvyPlugin),Set(Atom(sbt.plugins.JvmPlugin)))
[debug] Clause(Atom(sbt.plugins.JvmPlugin),Set(Atom(sbt.plugins.SemanticdbPlugin)))
[debug] Clause(Atom(sbt.plugins.JvmPlugin),Set(Atom(sbt.plugins.JUnitXmlReportPlugin)))
[debug] Clause(Atom(sbt.plugins.CorePlugin),Set(Atom(sbt.plugins.Giter8TemplatePlugin)))
[debug] Clause(Atom(sbt.plugins.JvmPlugin),Set(Atom(sbt.plugins.MiniDependencyTreePlugin)))
[debug] Clause(Atom(sbt.plugins.JvmPlugin),Set(Atom(sbtassembly.AssemblyPlugin)))
[debug] Clause(Atom(sbt.plugins.JvmPlugin),Set(Atom(org.jetbrains.sbt.StructurePlugin)))
[debug] Clause(Atom(sbt.plugins.JvmPlugin),Set(Atom(org.jetbrains.sbt.IdeaShellPlugin)))
[debug] Clause(And(Set(Atom(sbt.plugins.CorePlugin), Atom(sbt.plugins.JvmPlugin))),Set(Atom(org.jetbrains.sbt.indices.SbtIntellijIndicesPlugin))))
[debug]   :: deduced result: Matched(sbt.plugins.CorePlugin,sbt.plugins.Giter8TemplatePlugin,sbt.plugins.IvyPlugin,sbt.plugins.JvmPlugin,sbt.plugins.SemanticdbPlugin,org.jetbrains.sbt.indices.SbtIntellijIndicesPlugin,sbt.plugins.JUnitXmlReportPlugin,sbtassembly.AssemblyPlugin,org.jetbrains.sbt.IdeaShellPlugin,org.jetbrains.sbt.StructurePlugin,sbt.plugins.MiniDependencyTreePlugin)
[debug] Plugins.deducer#function took 5.6907 ms
[info] loading settings for project root from build.sbt ...
[debug]         Load.resolveProject(root) took 37.7155ms
[debug]       Load.loadTransitive: finalizeProject(Project(id root, base: C:\Users\s.tiwari\IdeaProjects\KafkaStormIntegration, plugins: List(<none>))) took 46.461ms
[debug] [Loading] Done in C:\Users\s.tiwari\IdeaProjects\KafkaStormIntegration, returning: (root)
[debug]     Load.loadUnit: loadedProjectsRaw took 247.9737ms
[debug]     Load.loadUnit: cleanEvalClasses took 6.0357ms
[debug]   Load.loadUnit(file:/C:/Users/s.tiwari/IdeaProjects/KafkaStormIntegration/, ...) took 1322.5223ms
[debug] Load.apply: load took 1325.322ms
[debug] Load.apply: resolveProjects took 0.1784ms
[debug] Load.apply: finalTransforms took 25.3854ms
[debug] Load.apply: config.delegates took 0.3082ms
[debug] Load.apply: Def.make(settings)... took 93.3764ms
[debug] Load.apply: structureIndex took 28.8173ms
[debug] Load.apply: mkStreams took 0.0048ms
[info] set current project to KafkaStormIntegration (in build file:/C:/Users/s.tiwari/IdeaProjects/KafkaStormIntegration/)
[debug] > Exec(sbtPopOnFailure, None, None)
[debug] > Exec(resumeFromFailure, None, None)
[debug] > Exec(notifyUsersAboutShell, None, None)
[debug] > Exec(iflast shell, None, None)
[debug] > Exec(; set ideaPort in Global := 60625 ; idea-shell, None, None)
[debug] > Exec(set ideaPort in Global := 60625, None, None)
[info] Defining Global / ideaPort
[info] The new value will be used by Compile / compile, Test / compile
[debug] Defining 
[debug] 	Global / ideaPort
[debug] 
[debug] The new value will be used by 
[debug] 	Compile / compile
[debug] 	Test / compile
[info] Reapplying settings...
[info] set current project to KafkaStormIntegration (in build file:/C:/Users/s.tiwari/IdeaProjects/KafkaStormIntegration/)
[debug] > Exec(idea-shell, None, None)
